udp | binding udp socket to port 11111.
Udp bound to port: 11111.
udpproto1 | send sync-request (26541).
udp | sent packet length 12 to 0.0.0.1:11112 (ret:12).
End of frame (0)...
=== Saved frame info 1 (size: 16  checksum: 76c00903).
End of frame (1)...
=== Saved frame info 2 (size: 16  checksum: 7a8009f3).
End of frame (2)...
=== Saved frame info 3 (size: 16  checksum: 77000913).
End of frame (3)...
=== Saved frame info 4 (size: 16  checksum: 768008f3).
End of frame (4)...
=== Saved frame info 5 (size: 16  checksum: 77c00943).
End of frame (5)...
=== Saved frame info 6 (size: 16  checksum: 7c000a53).
End of frame (6)...
=== Saved frame info 7 (size: 16  checksum: 77000913).
End of frame (7)...
=== Saved frame info 8 (size: 16  checksum: 7f000b13).
End of frame (8)...
=== Saved frame info 9 (size: 16  checksum: 79000993).
End of frame (9)...
=== Saved frame info 10 (size: 16  checksum: 768008f3).
End of frame (10)...
=== Saved frame info 11 (size: 16  checksum: 7758093e).
End of frame (11)...
=== Saved frame info 12 (size: 16  checksum: 78000953).
End of frame (12)...
=== Saved frame info 13 (size: 16  checksum: 77000913).
End of frame (13)...
=== Saved frame info 14 (size: 16  checksum: 768008f3).
End of frame (14)...
=== Saved frame info 15 (size: 16  checksum: 75d808de).
End of frame (15)...
=== Saved frame info 16 (size: 16  checksum: 7e580afe).
End of frame (16)...
=== Saved frame info 17 (size: 16  checksum: 77d8095e).
End of frame (17)...
=== Saved frame info 18 (size: 16  checksum: 761808ee).
End of frame (18)...
=== Saved frame info 19 (size: 16  checksum: 765808fe).
End of frame (19)...
=== Saved frame info 20 (size: 16  checksum: 7b000a13).
End of frame (20)...
=== Saved frame info 21 (size: 16  checksum: 75d808de).
End of frame (21)...
=== Saved frame info 22 (size: 16  checksum: 75d808de).
End of frame (22)...
=== Saved frame info 23 (size: 16  checksum: 78c00983).
End of frame (23)...
=== Saved frame info 24 (size: 16  checksum: 75d808de).
End of frame (24)...
=== Saved frame info 25 (size: 16  checksum: 76c00903).
End of frame (25)...
=== Saved frame info 26 (size: 16  checksum: 77c00943).
End of frame (26)...
=== Saved frame info 27 (size: 16  checksum: 7f000b13).
End of frame (27)...
=== Saved frame info 28 (size: 16  checksum: 768008f3).
End of frame (28)...
=== Saved frame info 29 (size: 16  checksum: 765808fe).
End of frame (29)...
=== Saved frame info 30 (size: 16  checksum: 75d808de).
udpproto1 | No luck syncing after 500 ms... Re-queueing sync packet.
udpproto1 | send sync-request (59112).
udp | sent packet length 12 to 0.0.0.1:11112 (ret:12).
End of frame (30)...
=== Saved frame info 31 (size: 16  checksum: 7698090e).
End of frame (31)...
=== Saved frame info 32 (size: 16  checksum: 75d808de).
End of frame (32)...
=== Saved frame info 33 (size: 16  checksum: 77d0091d).
End of frame (33)...
=== Saved frame info 34 (size: 16  checksum: 75d808de).
End of frame (34)...
=== Saved frame info 35 (size: 16  checksum: 75d808de).
End of frame (35)...
=== Saved frame info 36 (size: 16  checksum: 76d8091e).
End of frame (36)...
=== Saved frame info 37 (size: 16  checksum: 7758093e).
End of frame (37)...
=== Saved frame info 38 (size: 16  checksum: 78400963).
End of frame (38)...
=== Saved frame info 39 (size: 16  checksum: 7798094e).
End of frame (39)...
=== Saved frame info 40 (size: 16  checksum: 765808fe).
End of frame (40)...
=== Saved frame info 41 (size: 16  checksum: 7e580afe).
End of frame (41)...
=== Saved frame info 42 (size: 16  checksum: 75d808de).
End of frame (42)...
=== Saved frame info 43 (size: 16  checksum: 75d808de).
End of frame (43)...
=== Saved frame info 44 (size: 16  checksum: 768008f3).
End of frame (44)...
=== Saved frame info 45 (size: 16  checksum: 7d400aa3).
End of frame (45)...
=== Saved frame info 46 (size: 16  checksum: 78c00983).
End of frame (46)...
=== Saved frame info 47 (size: 16  checksum: 75d808de).
End of frame (47)...
=== Saved frame info 48 (size: 16  checksum: 761808ee).
End of frame (48)...
=== Saved frame info 49 (size: 16  checksum: 765808fe).
End of frame (49)...
=== Saved frame info 50 (size: 16  checksum: 7898098e).
End of frame (50)...
=== Saved frame info 51 (size: 16  checksum: 768008f3).
End of frame (51)...
=== Saved frame info 52 (size: 16  checksum: 79d809de).
End of frame (52)...
=== Saved frame info 53 (size: 16  checksum: 768008f3).
End of frame (53)...
=== Saved frame info 54 (size: 16  checksum: 75d808de).
End of frame (54)...
=== Saved frame info 55 (size: 16  checksum: 7898098e).
End of frame (55)...
=== Saved frame info 56 (size: 16  checksum: 765808fe).
End of frame (56)...
=== Saved frame info 57 (size: 16  checksum: 81d80bde).
End of frame (57)...
=== Saved frame info 58 (size: 16  checksum: 77000913).
End of frame (58)...
=== Saved frame info 59 (size: 16  checksum: 761808ee).
End of frame (59)...
=== Saved frame info 60 (size: 16  checksum: 77000913).
udpproto1 | No luck syncing after 500 ms... Re-queueing sync packet.
udpproto1 | send sync-request (42894).
udp | sent packet length 12 to 0.0.0.1:11112 (ret:12).
End of frame (60)...
=== Saved frame info 61 (size: 16  checksum: 791809ae).
End of frame (61)...
=== Saved frame info 62 (size: 16  checksum: 7818096e).
End of frame (62)...
=== Saved frame info 63 (size: 16  checksum: 799809ce).
End of frame (63)...
=== Saved frame info 64 (size: 16  checksum: 7c980a8e).
End of frame (64)...
=== Saved frame info 65 (size: 16  checksum: 761808ee).
End of frame (65)...
=== Saved frame info 66 (size: 16  checksum: 76c00903).
End of frame (66)...
=== Saved frame info 67 (size: 16  checksum: 79d809de).
End of frame (67)...
=== Saved frame info 68 (size: 16  checksum: 77000913).
End of frame (68)...
=== Saved frame info 69 (size: 16  checksum: 77400923).
End of frame (69)...
=== Saved frame info 70 (size: 16  checksum: 75d808de).
End of frame (70)...
=== Saved frame info 71 (size: 16  checksum: 75d808de).
End of frame (71)...
=== Saved frame info 72 (size: 16  checksum: 75d808de).
End of frame (72)...
=== Saved frame info 73 (size: 16  checksum: 7a8009f3).
End of frame (73)...
=== Saved frame info 74 (size: 16  checksum: 76d8091e).
End of frame (74)...
=== Saved frame info 75 (size: 16  checksum: 77c00943).
End of frame (75)...
=== Saved frame info 76 (size: 16  checksum: 85d80cde).
End of frame (76)...
=== Saved frame info 77 (size: 16  checksum: 765808fe).
End of frame (77)...
=== Saved frame info 78 (size: 16  checksum: 75d808de).
End of frame (78)...
=== Saved frame info 79 (size: 16  checksum: 765808fe).
End of frame (79)...
=== Saved frame info 80 (size: 16  checksum: 7c980a8e).
End of frame (80)...
=== Saved frame info 81 (size: 16  checksum: 77000913).
End of frame (81)...
=== Saved frame info 82 (size: 16  checksum: 75d808de).
End of frame (82)...
=== Saved frame info 83 (size: 16  checksum: 7f000b13).
End of frame (83)...
=== Saved frame info 84 (size: 16  checksum: 7e580afe).
End of frame (84)...
=== Saved frame info 85 (size: 16  checksum: 7e580afe).
End of frame (85)...
=== Saved frame info 86 (size: 16  checksum: 75d808de).
End of frame (86)...
=== Saved frame info 87 (size: 16  checksum: 765808fe).
End of frame (87)...
=== Saved frame info 88 (size: 16  checksum: 7e000ad3).
End of frame (88)...
=== Saved frame info 89 (size: 16  checksum: 768008f3).
udpproto1 | No luck syncing after 500 ms... Re-queueing sync packet.
udpproto1 | send sync-request (11390).
udp | sent packet length 12 to 0.0.0.1:11112 (ret:12).
End of frame (89)...
=== Saved frame info 90 (size: 16  checksum: 765808fe).
End of frame (90)...
=== Saved frame info 91 (size: 16  checksum: 77d8095e).
End of frame (91)...
=== Saved frame info 92 (size: 16  checksum: 76c00903).
End of frame (92)...
=== Saved frame info 93 (size: 16  checksum: 77000913).
End of frame (93)...
=== Saved frame info 94 (size: 16  checksum: 76c00903).
End of frame (94)...
=== Saved frame info 95 (size: 16  checksum: 7818096e).
End of frame (95)...
=== Saved frame info 96 (size: 16  checksum: 7f000b13).
End of frame (96)...
=== Saved frame info 97 (size: 16  checksum: 75d808de).
End of frame (97)...
=== Saved frame info 98 (size: 16  checksum: 768008f3).
End of frame (98)...
=== Saved frame info 99 (size: 16  checksum: 768008f3).
End of frame (99)...
=== Saved frame info 100 (size: 16  checksum: 7e000ad3).
End of frame (100)...
=== Saved frame info 101 (size: 16  checksum: 75d808de).
End of frame (101)...
=== Saved frame info 102 (size: 16  checksum: 765808fe).
End of frame (102)...
=== Saved frame info 103 (size: 16  checksum: 77000913).
End of frame (103)...
=== Saved frame info 104 (size: 16  checksum: 768008f3).
End of frame (104)...
=== Saved frame info 105 (size: 16  checksum: 76c00903).
End of frame (105)...
=== Saved frame info 106 (size: 16  checksum: 77000913).
End of frame (106)...
=== Saved frame info 107 (size: 16  checksum: 768008f3).
End of frame (107)...
=== Saved frame info 108 (size: 16  checksum: 7818096e).
End of frame (108)...
=== Saved frame info 109 (size: 16  checksum: 7898098e).
End of frame (109)...
=== Saved frame info 110 (size: 16  checksum: 765808fe).
End of frame (110)...
=== Saved frame info 111 (size: 16  checksum: 76d8091e).
End of frame (111)...
=== Saved frame info 112 (size: 16  checksum: 7dd80ade).
End of frame (112)...
=== Saved frame info 113 (size: 16  checksum: 7e580afe).
End of frame (113)...
=== Saved frame info 114 (size: 16  checksum: 765808fe).
End of frame (114)...
=== Saved frame info 115 (size: 16  checksum: 7798094e).
End of frame (115)...
=== Saved frame info 116 (size: 16  checksum: 761808ee).
End of frame (116)...
=== Saved frame info 117 (size: 16  checksum: 7dd80ade).
End of frame (117)...
=== Saved frame info 118 (size: 16  checksum: 768008f3).
End of frame (118)...
=== Saved frame info 119 (size: 16  checksum: 78000953).
End of frame (119)...
=== Saved frame info 120 (size: 16  checksum: 7a8009f3).
udpproto1 | No luck syncing after 500 ms... Re-queueing sync packet.
udpproto1 | send sync-request (24343).
udp | sent packet length 12 to 0.0.0.1:11112 (ret:12).
End of frame (120)...
=== Saved frame info 121 (size: 16  checksum: 761808ee).
End of frame (121)...
=== Saved frame info 122 (size: 16  checksum: 7698090e).
End of frame (122)...
=== Saved frame info 123 (size: 16  checksum: 761808ee).
End of frame (123)...
=== Saved frame info 124 (size: 16  checksum: 75d808de).
End of frame (124)...
=== Saved frame info 125 (size: 16  checksum: 7c980a8e).
End of frame (125)...
=== Saved frame info 126 (size: 16  checksum: 768008f3).
End of frame (126)...
=== Saved frame info 127 (size: 16  checksum: 761808ee).
End of frame (127)...
=== Saved frame info 128 (size: 16  checksum: 78000953).
End of frame (128)...
=== Saved frame info 129 (size: 16  checksum: 761808ee).
End of frame (129)...
=== Saved frame info 130 (size: 16  checksum: 765808fe).
End of frame (130)...
=== Saved frame info 131 (size: 16  checksum: 76d8091e).
End of frame (131)...
=== Saved frame info 132 (size: 16  checksum: 7758093e).
End of frame (132)...
=== Saved frame info 133 (size: 16  checksum: 77000913).
End of frame (133)...
=== Saved frame info 134 (size: 16  checksum: 76d8091e).
End of frame (134)...
=== Saved frame info 135 (size: 16  checksum: 765808fe).
End of frame (135)...
=== Saved frame info 136 (size: 16  checksum: 78d8099e).
End of frame (136)...
=== Saved frame info 137 (size: 16  checksum: 799809ce).
End of frame (137)...
=== Saved frame info 138 (size: 16  checksum: 7718092e).
End of frame (138)...
=== Saved frame info 139 (size: 16  checksum: 76d8091e).
End of frame (139)...
=== Saved frame info 140 (size: 16  checksum: 765808fe).
End of frame (140)...
=== Saved frame info 141 (size: 16  checksum: 75d808de).
End of frame (141)...
=== Saved frame info 142 (size: 16  checksum: 79d809de).
End of frame (142)...
=== Saved frame info 143 (size: 16  checksum: 761808ee).
End of frame (143)...
=== Saved frame info 144 (size: 16  checksum: 765808fe).
End of frame (144)...
=== Saved frame info 145 (size: 16  checksum: 765808fe).
End of frame (145)...
=== Saved frame info 146 (size: 16  checksum: 7e580afe).
End of frame (146)...
=== Saved frame info 147 (size: 16  checksum: 75d808de).
End of frame (147)...
=== Saved frame info 148 (size: 16  checksum: 79c009c3).
End of frame (148)...
=== Saved frame info 149 (size: 16  checksum: 77d8095e).
End of frame (149)...
=== Saved frame info 150 (size: 16  checksum: 78000953).
udpproto1 | No luck syncing after 500 ms... Re-queueing sync packet.
udpproto1 | send sync-request (37643).
udp | sent packet length 12 to 0.0.0.1:11112 (ret:12).
End of frame (150)...
=== Saved frame info 151 (size: 16  checksum: 761808ee).
End of frame (151)...
=== Saved frame info 152 (size: 16  checksum: 75d808de).
End of frame (152)...
=== Saved frame info 153 (size: 16  checksum: 761808ee).
End of frame (153)...
=== Saved frame info 154 (size: 16  checksum: 75d808de).
End of frame (154)...
=== Saved frame info 155 (size: 16  checksum: 7e980b0e).
End of frame (155)...
=== Saved frame info 156 (size: 16  checksum: 768008f3).
End of frame (156)...
=== Saved frame info 157 (size: 16  checksum: 761808ee).
End of frame (157)...
=== Saved frame info 158 (size: 16  checksum: 7f000b13).
End of frame (158)...
=== Saved frame info 159 (size: 16  checksum: 7718092e).
End of frame (159)...
=== Saved frame info 160 (size: 16  checksum: 765808fe).
End of frame (160)...
=== Saved frame info 161 (size: 16  checksum: 75d808de).
End of frame (161)...
=== Saved frame info 162 (size: 16  checksum: 7c980a8e).
End of frame (162)...
=== Saved frame info 163 (size: 16  checksum: 77000913).
End of frame (163)...
=== Saved frame info 164 (size: 16  checksum: 75d808de).
End of frame (164)...
=== Saved frame info 165 (size: 16  checksum: 79c009c3).
End of frame (165)...
=== Saved frame info 166 (size: 16  checksum: 75d808de).
End of frame (166)...
=== Saved frame info 167 (size: 16  checksum: 75d808de).
End of frame (167)...
=== Saved frame info 168 (size: 16  checksum: 7758093e).
End of frame (168)...
=== Saved frame info 169 (size: 16  checksum: 75d808de).
End of frame (169)...
=== Saved frame info 170 (size: 16  checksum: 7e580afe).
End of frame (170)...
=== Saved frame info 171 (size: 16  checksum: 7e000ad3).
End of frame (171)...
=== Saved frame info 172 (size: 16  checksum: 761808ee).
End of frame (172)...
=== Saved frame info 173 (size: 16  checksum: 77000913).
End of frame (173)...
=== Saved frame info 174 (size: 16  checksum: 75d808de).
End of frame (174)...
=== Saved frame info 175 (size: 16  checksum: 7698090e).
End of frame (175)...
=== Saved frame info 176 (size: 16  checksum: 7698090e).
End of frame (176)...
=== Saved frame info 177 (size: 16  checksum: 75d808de).
End of frame (177)...
=== Saved frame info 178 (size: 16  checksum: 761808ee).
End of frame (178)...
=== Saved frame info 179 (size: 16  checksum: 7818096e).
End of frame (179)...
=== Saved frame info 180 (size: 16  checksum: 765808fe).
udpproto1 | No luck syncing after 500 ms... Re-queueing sync packet.
udpproto1 | send sync-request (3825).
udp | sent packet length 12 to 0.0.0.1:11112 (ret:12).
End of frame (180)...
=== Saved frame info 181 (size: 16  checksum: 765808fe).
End of frame (181)...
=== Saved frame info 182 (size: 16  checksum: 7e580afe).
End of frame (182)...
=== Saved frame info 183 (size: 16  checksum: 75d808de).
End of frame (183)...
=== Saved frame info 184 (size: 16  checksum: 765808fe).
End of frame (184)...
=== Saved frame info 185 (size: 16  checksum: 75d808de).
End of frame (185)...
=== Saved frame info 186 (size: 16  checksum: 77000913).
End of frame (186)...
=== Saved frame info 187 (size: 16  checksum: 75d808de).
End of frame (187)...
=== Saved frame info 188 (size: 16  checksum: 78c00983).
End of frame (188)...
=== Saved frame info 189 (size: 16  checksum: 75d808de).
End of frame (189)...
=== Saved frame info 190 (size: 16  checksum: 765808fe).
End of frame (190)...
=== Saved frame info 191 (size: 16  checksum: 7858097e).
End of frame (191)...
=== Saved frame info 192 (size: 16  checksum: 79d809de).
End of frame (192)...
=== Saved frame info 193 (size: 16  checksum: 78000953).
End of frame (193)...
=== Saved frame info 194 (size: 16  checksum: 7c980a8e).
End of frame (194)...
=== Saved frame info 195 (size: 16  checksum: 76c00903).
End of frame (195)...
=== Saved frame info 196 (size: 16  checksum: 761808ee).
End of frame (196)...
=== Saved frame info 197 (size: 16  checksum: 791809ae).
End of frame (197)...
=== Saved frame info 198 (size: 16  checksum: 761808ee).
End of frame (198)...
=== Saved frame info 199 (size: 16  checksum: 7718092e).
End of frame (199)...
=== Saved frame info 200 (size: 16  checksum: 79d809de).
End of frame (200)...
=== Saved frame info 201 (size: 16  checksum: 794009a3).
End of frame (201)...
=== Saved frame info 202 (size: 16  checksum: 75d808de).
End of frame (202)...
=== Saved frame info 203 (size: 16  checksum: 77400923).
End of frame (203)...
=== Saved frame info 204 (size: 16  checksum: 761808ee).
End of frame (204)...
=== Saved frame info 205 (size: 16  checksum: 75d808de).
End of frame (205)...
=== Saved frame info 206 (size: 16  checksum: 75d808de).
End of frame (206)...
=== Saved frame info 207 (size: 16  checksum: 77d8095e).
End of frame (207)...
=== Saved frame info 208 (size: 16  checksum: 77000913).
End of frame (208)...
=== Saved frame info 209 (size: 16  checksum: 761808ee).
End of frame (209)...
=== Saved frame info 210 (size: 16  checksum: 76c00903).
udpproto1 | No luck syncing after 500 ms... Re-queueing sync packet.
udpproto1 | send sync-request (38618).
udp | sent packet length 12 to 0.0.0.1:11112 (ret:12).
End of frame (210)...
=== Saved frame info 211 (size: 16  checksum: 791809ae).
End of frame (211)...
=== Saved frame info 212 (size: 16  checksum: 7718092e).
End of frame (212)...
=== Saved frame info 213 (size: 16  checksum: 765808fe).
End of frame (213)...
=== Saved frame info 214 (size: 16  checksum: 7c980a8e).
End of frame (214)...
=== Saved frame info 215 (size: 16  checksum: 765808fe).
End of frame (215)...
=== Saved frame info 216 (size: 16  checksum: 768008f3).
End of frame (216)...
=== Saved frame info 217 (size: 16  checksum: 765808fe).
End of frame (217)...
=== Saved frame info 218 (size: 16  checksum: 75d808de).
End of frame (218)...
=== Saved frame info 219 (size: 16  checksum: 765808fe).
End of frame (219)...
=== Saved frame info 220 (size: 16  checksum: 75d808de).
End of frame (220)...
=== Saved frame info 221 (size: 16  checksum: 75d808de).
End of frame (221)...
=== Saved frame info 222 (size: 16  checksum: 765808fe).
End of frame (222)...
=== Saved frame info 223 (size: 16  checksum: 7a8009f3).
End of frame (223)...
=== Saved frame info 224 (size: 16  checksum: 7e580afe).
End of frame (224)...
=== Saved frame info 225 (size: 16  checksum: 78800973).
End of frame (225)...
=== Saved frame info 226 (size: 16  checksum: 75d808de).
End of frame (226)...
=== Saved frame info 227 (size: 16  checksum: 77d8095e).
End of frame (227)...
=== Saved frame info 228 (size: 16  checksum: 761808ee).
End of frame (228)...
=== Saved frame info 229 (size: 16  checksum: 77d8095e).
End of frame (229)...
=== Saved frame info 230 (size: 16  checksum: 7798094e).
End of frame (230)...
=== Saved frame info 231 (size: 16  checksum: 76c00903).
End of frame (231)...
=== Saved frame info 232 (size: 16  checksum: 7b580a3e).
End of frame (232)...
=== Saved frame info 233 (size: 16  checksum: 765808fe).
End of frame (233)...
=== Saved frame info 234 (size: 16  checksum: 75d808de).
End of frame (234)...
=== Saved frame info 235 (size: 16  checksum: 765808fe).
End of frame (235)...
=== Saved frame info 236 (size: 16  checksum: 75d808de).
End of frame (236)...
=== Saved frame info 237 (size: 16  checksum: 75d808de).
End of frame (237)...
=== Saved frame info 238 (size: 16  checksum: 768008f3).
End of frame (238)...
=== Saved frame info 239 (size: 16  checksum: 765808fe).
End of frame (239)...
=== Saved frame info 240 (size: 16  checksum: 761808ee).
End of frame (240)...
=== Saved frame info 241 (size: 16  checksum: 7dd80ade).
udpproto1 | No luck syncing after 500 ms... Re-queueing sync packet.
udpproto1 | send sync-request (42683).
udp | sent packet length 12 to 0.0.0.1:11112 (ret:12).
End of frame (241)...
=== Saved frame info 242 (size: 16  checksum: 75d808de).
End of frame (242)...
=== Saved frame info 243 (size: 16  checksum: 7798094e).
End of frame (243)...
=== Saved frame info 244 (size: 16  checksum: 76d8091e).
End of frame (244)...
=== Saved frame info 245 (size: 16  checksum: 75d808de).
End of frame (245)...
=== Saved frame info 246 (size: 16  checksum: 7c980a8e).
End of frame (246)...
=== Saved frame info 247 (size: 16  checksum: 77000913).
End of frame (247)...
=== Saved frame info 248 (size: 16  checksum: 7e580afe).
End of frame (248)...
=== Saved frame info 249 (size: 16  checksum: 768008f3).
End of frame (249)...
=== Saved frame info 250 (size: 16  checksum: 795809be).
End of frame (250)...
=== Saved frame info 251 (size: 16  checksum: 77000913).
End of frame (251)...
=== Saved frame info 252 (size: 16  checksum: 7698090e).
End of frame (252)...
=== Saved frame info 253 (size: 16  checksum: 7f000b13).
End of frame (253)...
=== Saved frame info 254 (size: 16  checksum: 76d8091e).
End of frame (254)...
=== Saved frame info 255 (size: 16  checksum: 768008f3).
End of frame (255)...
=== Saved frame info 256 (size: 16  checksum: 76d8091e).
End of frame (256)...
=== Saved frame info 257 (size: 16  checksum: 768008f3).
End of frame (257)...
=== Saved frame info 258 (size: 16  checksum: 7c980a8e).
End of frame (258)...
=== Saved frame info 259 (size: 16  checksum: 77000913).
End of frame (259)...
=== Saved frame info 260 (size: 16  checksum: 75d808de).
End of frame (260)...
=== Saved frame info 261 (size: 16  checksum: 761808ee).
End of frame (261)...
=== Saved frame info 262 (size: 16  checksum: 78400963).
End of frame (262)...
=== Saved frame info 263 (size: 16  checksum: 75d808de).
End of frame (263)...
=== Saved frame info 264 (size: 16  checksum: 7898098e).
End of frame (264)...
=== Saved frame info 265 (size: 16  checksum: 78c00983).
End of frame (265)...
=== Saved frame info 266 (size: 16  checksum: 7c980a8e).
End of frame (266)...
=== Saved frame info 267 (size: 16  checksum: 78d8099e).
End of frame (267)...
=== Saved frame info 268 (size: 16  checksum: 77000913).
End of frame (268)...
=== Saved frame info 269 (size: 16  checksum: 768008f3).
End of frame (269)...
=== Saved frame info 270 (size: 16  checksum: 765808fe).
End of frame (270)...
=== Saved frame info 271 (size: 16  checksum: 794009a3).
udpproto1 | No luck syncing after 500 ms... Re-queueing sync packet.
udpproto1 | send sync-request (32505).
udp | sent packet length 12 to 0.0.0.1:11112 (ret:12).
End of frame (271)...
=== Saved frame info 272 (size: 16  checksum: 799809ce).
End of frame (272)...
=== Saved frame info 273 (size: 16  checksum: 7f000b13).
End of frame (273)...
=== Saved frame info 274 (size: 16  checksum: 765808fe).
End of frame (274)...
=== Saved frame info 275 (size: 16  checksum: 75d808de).
End of frame (275)...
=== Saved frame info 276 (size: 16  checksum: 78000953).
End of frame (276)...
=== Saved frame info 277 (size: 16  checksum: 7c980a8e).
End of frame (277)...
=== Saved frame info 278 (size: 16  checksum: 794009a3).
End of frame (278)...
=== Saved frame info 279 (size: 16  checksum: 76d8091e).
End of frame (279)...
=== Saved frame info 280 (size: 16  checksum: 76c00903).
End of frame (280)...
=== Saved frame info 281 (size: 16  checksum: 75d808de).
End of frame (281)...
=== Saved frame info 282 (size: 16  checksum: 765808fe).
End of frame (282)...
=== Saved frame info 283 (size: 16  checksum: 7a8009f3).
End of frame (283)...
=== Saved frame info 284 (size: 16  checksum: 75d808de).
End of frame (284)...
=== Saved frame info 285 (size: 16  checksum: 77000913).
End of frame (285)...
=== Saved frame info 286 (size: 16  checksum: 7e580afe).
End of frame (286)...
=== Saved frame info 287 (size: 16  checksum: 75d808de).
End of frame (287)...
=== Saved frame info 288 (size: 16  checksum: 77400923).
End of frame (288)...
=== Saved frame info 289 (size: 16  checksum: 75d808de).
End of frame (289)...
=== Saved frame info 290 (size: 16  checksum: 7718092e).
End of frame (290)...
=== Saved frame info 291 (size: 16  checksum: 77000913).
End of frame (291)...
=== Saved frame info 292 (size: 16  checksum: 7e580afe).
End of frame (292)...
=== Saved frame info 293 (size: 16  checksum: 794009a3).
End of frame (293)...
=== Saved frame info 294 (size: 16  checksum: 765808fe).
End of frame (294)...
=== Saved frame info 295 (size: 16  checksum: 75d808de).
End of frame (295)...
=== Saved frame info 296 (size: 16  checksum: 765808fe).
End of frame (296)...
=== Saved frame info 297 (size: 16  checksum: 75d808de).
End of frame (297)...
=== Saved frame info 298 (size: 16  checksum: 7f000b13).
End of frame (298)...
=== Saved frame info 299 (size: 16  checksum: 75d808de).
End of frame (299)...
=== Saved frame info 300 (size: 16  checksum: 78800973).
End of frame (300)...
=== Saved frame info 301 (size: 16  checksum: 75d808de).
udpproto1 | No luck syncing after 500 ms... Re-queueing sync packet.
udpproto1 | send sync-request (45913).
udp | sent packet length 12 to 0.0.0.1:11112 (ret:12).
End of frame (301)...
=== Saved frame info 302 (size: 16  checksum: 75d808de).
End of frame (302)...
=== Saved frame info 303 (size: 16  checksum: 7e580afe).
End of frame (303)...
=== Saved frame info 304 (size: 16  checksum: 75d808de).
End of frame (304)...
=== Saved frame info 305 (size: 16  checksum: 7e580afe).
End of frame (305)...
=== Saved frame info 306 (size: 16  checksum: 768008f3).
End of frame (306)...
=== Saved frame info 307 (size: 16  checksum: 7e580afe).
End of frame (307)...
=== Saved frame info 308 (size: 16  checksum: 75d808de).
End of frame (308)...
=== Saved frame info 309 (size: 16  checksum: 77800933).
End of frame (309)...
=== Saved frame info 310 (size: 16  checksum: 75d808de).
End of frame (310)...
=== Saved frame info 311 (size: 16  checksum: 7d580abe).
End of frame (311)...
=== Saved frame info 312 (size: 16  checksum: 761808ee).
End of frame (312)...
=== Saved frame info 313 (size: 16  checksum: 75d808de).
End of frame (313)...
=== Saved frame info 314 (size: 16  checksum: 7798094e).
End of frame (314)...
=== Saved frame info 315 (size: 16  checksum: 76d8091e).
End of frame (315)...
=== Saved frame info 316 (size: 16  checksum: 7ad80a1e).
End of frame (316)...
=== Saved frame info 317 (size: 16  checksum: 76c00903).
End of frame (317)...
=== Saved frame info 318 (size: 16  checksum: 765808fe).
End of frame (318)...
=== Saved frame info 319 (size: 16  checksum: 7a0009d3).
End of frame (319)...
=== Saved frame info 320 (size: 16  checksum: 765808fe).
End of frame (320)...
=== Saved frame info 321 (size: 16  checksum: 75d808de).
End of frame (321)...
=== Saved frame info 322 (size: 16  checksum: 765808fe).
End of frame (322)...
=== Saved frame info 323 (size: 16  checksum: 81d80bde).
End of frame (323)...
=== Saved frame info 324 (size: 16  checksum: 77000913).
End of frame (324)...
=== Saved frame info 325 (size: 16  checksum: 77800933).
End of frame (325)...
=== Saved frame info 326 (size: 16  checksum: 77800933).
End of frame (326)...
=== Saved frame info 327 (size: 16  checksum: 75d808de).
End of frame (327)...
=== Saved frame info 328 (size: 16  checksum: 761808ee).
End of frame (328)...
=== Saved frame info 329 (size: 16  checksum: 765808fe).
End of frame (329)...
=== Saved frame info 330 (size: 16  checksum: 76d8091e).
udpproto1 | No luck syncing after 500 ms... Re-queueing sync packet.
udpproto1 | send sync-request (41095).
udp | sent packet length 12 to 0.0.0.1:11112 (ret:12).
End of frame (330)...
=== Saved frame info 331 (size: 16  checksum: 7a5809fe).
End of frame (331)...
=== Saved frame info 332 (size: 16  checksum: 798009b3).
End of frame (332)...
=== Saved frame info 333 (size: 16  checksum: 78400963).
End of frame (333)...
=== Saved frame info 334 (size: 16  checksum: 7b580a3e).
End of frame (334)...
=== Saved frame info 335 (size: 16  checksum: 75d808de).
End of frame (335)...
=== Saved frame info 336 (size: 16  checksum: 75d808de).
End of frame (336)...
=== Saved frame info 337 (size: 16  checksum: 768008f3).
End of frame (337)...
=== Saved frame info 338 (size: 16  checksum: 75d808de).
End of frame (338)...
=== Saved frame info 339 (size: 16  checksum: 7a8009f3).
End of frame (339)...
=== Saved frame info 340 (size: 16  checksum: 77000913).
End of frame (340)...
=== Saved frame info 341 (size: 16  checksum: 765808fe).
End of frame (341)...
=== Saved frame info 342 (size: 16  checksum: 761808ee).
End of frame (342)...
=== Saved frame info 343 (size: 16  checksum: 77800933).
udpproto1 | No luck syncing after 500 ms... Re-queueing sync packet.
udpproto1 | send sync-request (49858).
udp | sent packet length 12 to 0.0.0.1:11112 (ret:12).
End of frame (343)...
=== Saved frame info 344 (size: 16  checksum: 7e580afe).
udpproto1 | No luck syncing after 500 ms... Re-queueing sync packet.
udpproto1 | send sync-request (40516).
udp | sent packet length 12 to 0.0.0.1:11112 (ret:12).
End of frame (344)...
=== Saved frame info 345 (size: 16  checksum: 768008f3).
udpproto1 | No luck syncing after 500 ms... Re-queueing sync packet.
udpproto1 | send sync-request (59292).
udp | sent packet length 12 to 0.0.0.1:11112 (ret:12).
End of frame (345)...
=== Saved frame info 346 (size: 16  checksum: 7718092e).
udpproto1 | No luck syncing after 500 ms... Re-queueing sync packet.
udpproto1 | send sync-request (3235).
udp | sent packet length 12 to 0.0.0.1:11112 (ret:12).
End of frame (346)...
=== Saved frame info 347 (size: 16  checksum: 7898098e).
udpproto1 | No luck syncing after 500 ms... Re-queueing sync packet.
udpproto1 | send sync-request (37316).
udp | sent packet length 12 to 0.0.0.1:11112 (ret:12).
End of frame (347)...
=== Saved frame info 348 (size: 16  checksum: 75d808de).
udpproto1 | No luck syncing after 500 ms... Re-queueing sync packet.
udpproto1 | send sync-request (33021).
udp | sent packet length 12 to 0.0.0.1:11112 (ret:12).
End of frame (348)...
=== Saved frame info 349 (size: 16  checksum: 768008f3).
udpproto1 | No luck syncing after 500 ms... Re-queueing sync packet.
udpproto1 | send sync-request (1699).
udp | sent packet length 12 to 0.0.0.1:11112 (ret:12).
End of frame (349)...
=== Saved frame info 350 (size: 16  checksum: 75d808de).
End of frame (350)...
=== Saved frame info 351 (size: 16  checksum: 765808fe).
End of frame (351)...
=== Saved frame info 352 (size: 16  checksum: 75d808de).
End of frame (352)...
=== Saved frame info 353 (size: 16  checksum: 761808ee).
End of frame (353)...
=== Saved frame info 354 (size: 16  checksum: 75d808de).
End of frame (354)...
=== Saved frame info 355 (size: 16  checksum: 765808fe).
End of frame (355)...
=== Saved frame info 356 (size: 16  checksum: 78c00983).
End of frame (356)...
=== Saved frame info 357 (size: 16  checksum: 7a8009f3).
End of frame (357)...
=== Saved frame info 358 (size: 16  checksum: 7f000b13).
End of frame (358)...
=== Saved frame info 359 (size: 16  checksum: 77800933).
End of frame (359)...
=== Saved frame info 360 (size: 16  checksum: 78d8099e).
End of frame (360)...
=== Saved frame info 361 (size: 16  checksum: 765808fe).
End of frame (361)...
=== Saved frame info 362 (size: 16  checksum: 795809be).
End of frame (362)...
=== Saved frame info 363 (size: 16  checksum: 7e980b0e).
End of frame (363)...
=== Saved frame info 364 (size: 16  checksum: 77400923).
End of frame (364)...
=== Saved frame info 365 (size: 16  checksum: 7dd80ade).
End of frame (365)...
=== Saved frame info 366 (size: 16  checksum: 768008f3).
End of frame (366)...
=== Saved frame info 367 (size: 16  checksum: 761808ee).
End of frame (367)...
=== Saved frame info 368 (size: 16  checksum: 75d808de).
udpproto1 | No luck syncing after 500 ms... Re-queueing sync packet.
udpproto1 | send sync-request (35235).
udp | sent packet length 12 to 0.0.0.1:11112 (ret:12).
End of frame (368)...
=== Saved frame info 369 (size: 16  checksum: 76d8091e).
End of frame (369)...
=== Saved frame info 370 (size: 16  checksum: 7dd80ade).
End of frame (370)...
=== Saved frame info 371 (size: 16  checksum: 765808fe).
End of frame (371)...
=== Saved frame info 372 (size: 16  checksum: 79d809de).
End of frame (372)...
=== Saved frame info 373 (size: 16  checksum: 76d8091e).
End of frame (373)...
=== Saved frame info 374 (size: 16  checksum: 76d8091e).
End of frame (374)...
=== Saved frame info 375 (size: 16  checksum: 7698090e).
End of frame (375)...
=== Saved frame info 376 (size: 16  checksum: 75d808de).
End of frame (376)...
=== Saved frame info 377 (size: 16  checksum: 75d808de).
End of frame (377)...
=== Saved frame info 378 (size: 16  checksum: 765808fe).
End of frame (378)...
=== Saved frame info 379 (size: 16  checksum: 765808fe).
End of frame (379)...
=== Saved frame info 380 (size: 16  checksum: 75d808de).
End of frame (380)...
=== Saved frame info 381 (size: 16  checksum: 7718092e).
End of frame (381)...
=== Saved frame info 382 (size: 16  checksum: 75d808de).
End of frame (382)...
=== Saved frame info 383 (size: 16  checksum: add816de).
End of frame (383)...
=== Saved frame info 384 (size: 16  checksum: 761808ee).
End of frame (384)...
=== Saved frame info 385 (size: 16  checksum: 7698090e).
End of frame (385)...
=== Saved frame info 386 (size: 16  checksum: 7d580abe).
End of frame (386)...
=== Saved frame info 387 (size: 16  checksum: 765808fe).
End of frame (387)...
=== Saved frame info 388 (size: 16  checksum: 7c980a8e).
End of frame (388)...
=== Saved frame info 389 (size: 16  checksum: 7dd80ade).
End of frame (389)...
=== Saved frame info 390 (size: 16  checksum: 75d808de).
End of frame (390)...
=== Saved frame info 391 (size: 16  checksum: 765808fe).
End of frame (391)...
=== Saved frame info 392 (size: 16  checksum: 75d808de).
End of frame (392)...
=== Saved frame info 393 (size: 16  checksum: 7c980a8e).
End of frame (393)...
=== Saved frame info 394 (size: 16  checksum: 7f580b3e).
End of frame (394)...
=== Saved frame info 395 (size: 16  checksum: 761808ee).
End of frame (395)...
=== Saved frame info 396 (size: 16  checksum: 76d8091e).
End of frame (396)...
=== Saved frame info 397 (size: 16  checksum: 7c980a8e).
End of frame (397)...
=== Saved frame info 398 (size: 16  checksum: 75d808de).
End of frame (398)...
=== Saved frame info 399 (size: 16  checksum: 75d808de).
udpproto1 | No luck syncing after 500 ms... Re-queueing sync packet.
udpproto1 | send sync-request (37067).
udp | sent packet length 12 to 0.0.0.1:11112 (ret:12).
End of frame (399)...
=== Saved frame info 400 (size: 16  checksum: 7718092e).
End of frame (400)...
=== Saved frame info 401 (size: 16  checksum: 761808ee).
End of frame (401)...
=== Saved frame info 402 (size: 16  checksum: 7f580b3e).
End of frame (402)...
=== Saved frame info 403 (size: 16  checksum: 765808fe).
End of frame (403)...
=== Saved frame info 404 (size: 16  checksum: 7f580b3e).
End of frame (404)...
=== Saved frame info 405 (size: 16  checksum: 7f580b3e).
End of frame (405)...
=== Saved frame info 406 (size: 16  checksum: 75d808de).
End of frame (406)...
=== Saved frame info 407 (size: 16  checksum: 761808ee).
End of frame (407)...
=== Saved frame info 408 (size: 16  checksum: 75d808de).
End of frame (408)...
=== Saved frame info 409 (size: 16  checksum: 77d8095e).
End of frame (409)...
=== Saved frame info 410 (size: 16  checksum: 7898098e).
End of frame (410)...
=== Saved frame info 411 (size: 16  checksum: 79d809de).
End of frame (411)...
=== Saved frame info 412 (size: 16  checksum: 7c980a8e).
End of frame (412)...
=== Saved frame info 413 (size: 16  checksum: 77d8095e).
End of frame (413)...
=== Saved frame info 414 (size: 16  checksum: 765808fe).
End of frame (414)...
=== Saved frame info 415 (size: 16  checksum: 75d808de).
End of frame (415)...
=== Saved frame info 416 (size: 16  checksum: 761808ee).
End of frame (416)...
=== Saved frame info 417 (size: 16  checksum: 79d809de).
End of frame (417)...
=== Saved frame info 418 (size: 16  checksum: 7798094e).
End of frame (418)...
=== Saved frame info 419 (size: 16  checksum: 765808fe).
End of frame (419)...
=== Saved frame info 420 (size: 16  checksum: 765808fe).
End of frame (420)...
=== Saved frame info 421 (size: 16  checksum: 7b580a3e).
End of frame (421)...
=== Saved frame info 422 (size: 16  checksum: 765808fe).
End of frame (422)...
=== Saved frame info 423 (size: 16  checksum: 7a5809fe).
End of frame (423)...
=== Saved frame info 424 (size: 16  checksum: 761808ee).
End of frame (424)...
=== Saved frame info 425 (size: 16  checksum: 75d808de).
End of frame (425)...
=== Saved frame info 426 (size: 16  checksum: 768008f3).
End of frame (426)...
=== Saved frame info 427 (size: 16  checksum: 75d808de).
End of frame (427)...
=== Saved frame info 428 (size: 16  checksum: 78000953).
End of frame (428)...
=== Saved frame info 429 (size: 16  checksum: 7e580afe).
End of frame (429)...
=== Saved frame info 430 (size: 16  checksum: 768008f3).
udpproto1 | No luck syncing after 500 ms... Re-queueing sync packet.
udpproto1 | send sync-request (46606).
udp | sent packet length 12 to 0.0.0.1:11112 (ret:12).
End of frame (430)...
=== Saved frame info 431 (size: 16  checksum: 75d808de).
End of frame (431)...
=== Saved frame info 432 (size: 16  checksum: 7ad80a1e).
End of frame (432)...
=== Saved frame info 433 (size: 16  checksum: 75d808de).
End of frame (433)...
=== Saved frame info 434 (size: 16  checksum: 77000913).
End of frame (434)...
=== Saved frame info 435 (size: 16  checksum: 75d808de).
End of frame (435)...
=== Saved frame info 436 (size: 16  checksum: 7f000b13).
End of frame (436)...
=== Saved frame info 437 (size: 16  checksum: 7dd80ade).
End of frame (437)...
=== Saved frame info 438 (size: 16  checksum: 78400963).
End of frame (438)...
=== Saved frame info 439 (size: 16  checksum: 7e980b0e).
End of frame (439)...
=== Saved frame info 440 (size: 16  checksum: 75d808de).
End of frame (440)...
=== Saved frame info 441 (size: 16  checksum: 7818096e).
End of frame (441)...
=== Saved frame info 442 (size: 16  checksum: 768008f3).
End of frame (442)...
=== Saved frame info 443 (size: 16  checksum: 75d808de).
End of frame (443)...
=== Saved frame info 444 (size: 16  checksum: 7e400ae3).
End of frame (444)...
=== Saved frame info 445 (size: 16  checksum: 765808fe).
End of frame (445)...
=== Saved frame info 446 (size: 16  checksum: 77400923).
End of frame (446)...
=== Saved frame info 447 (size: 16  checksum: 75d808de).
End of frame (447)...
=== Saved frame info 448 (size: 16  checksum: 77000913).
End of frame (448)...
=== Saved frame info 449 (size: 16  checksum: 791809ae).
End of frame (449)...
=== Saved frame info 450 (size: 16  checksum: 7f000b13).
End of frame (450)...
=== Saved frame info 451 (size: 16  checksum: 78000953).
End of frame (451)...
=== Saved frame info 452 (size: 16  checksum: 761808ee).
End of frame (452)...
=== Saved frame info 453 (size: 16  checksum: 761808ee).
End of frame (453)...
=== Saved frame info 454 (size: 16  checksum: 761808ee).
End of frame (454)...
=== Saved frame info 455 (size: 16  checksum: 76d8091e).
End of frame (455)...
=== Saved frame info 456 (size: 16  checksum: 76c00903).
End of frame (456)...
=== Saved frame info 457 (size: 16  checksum: 7858097e).
End of frame (457)...
=== Saved frame info 458 (size: 16  checksum: 768008f3).
End of frame (458)...
=== Saved frame info 459 (size: 16  checksum: 768008f3).
